<?xml version="1.0" encoding="UTF-8"?>
<!-- Generated by org.testng.reporters.JUnitReportReporter -->
<testsuite skipped="0" hostname="chetan" name="com.picaso.XYZ" tests="1" failures="0" timestamp="13 Jan 2018 12:26:47 GMT" time="9.625" errors="0">
  <testcase name="signUp_function" time="9.625" classname="com.picaso.XYZ"/>
</testsuite> <!-- com.picaso.XYZ -->
