<?xml version="1.0" encoding="UTF-8"?>
<!-- Generated by org.testng.reporters.JUnitReportReporter -->
<testsuite skipped="0" hostname="chetan" name="com.picaso.XYZ" tests="1" failures="0" timestamp="14 Jan 2018 06:09:52 GMT" time="9.245" errors="0">
  <testcase name="signUp_function" time="9.245" classname="com.picaso.XYZ"/>
</testsuite> <!-- com.picaso.XYZ -->
